


ARM Macro Assembler    Page 1 


    1 00000000         ; <<< Use Configuration Wizard in Context Menu >>>
    2 00000000         ;*******************************************************
                       ***********************
    3 00000000         ;
    4 00000000         ; startup_rvmdk.S - Startup code for use with Keil's uVi
                       sion.
    5 00000000         ;
    6 00000000         ; Copyright (c) 2009-2010 Texas Instruments Incorporated
                       .  All rights reserved.
    7 00000000         ; Software License Agreement
    8 00000000         ; 
    9 00000000         ; Texas Instruments (TI) is supplying this software for 
                       use solely and
   10 00000000         ; exclusively on TI's microcontroller products. The soft
                       ware is owned by
   11 00000000         ; TI and/or its suppliers, and is protected under applic
                       able copyright
   12 00000000         ; laws. You may not combine this software with "viral" o
                       pen-source
   13 00000000         ; software in order to form a larger program.
   14 00000000         ; 
   15 00000000         ; THIS SOFTWARE IS PROVIDED "AS IS" AND WITH ALL FAULTS.
                       
   16 00000000         ; NO WARRANTIES, WHETHER EXPRESS, IMPLIED OR STATUTORY, 
                       INCLUDING, BUT
   17 00000000         ; NOT LIMITED TO, IMPLIED WARRANTIES OF MERCHANTABILITY 
                       AND FITNESS FOR
   18 00000000         ; A PARTICULAR PURPOSE APPLY TO THIS SOFTWARE. TI SHALL 
                       NOT, UNDER ANY
   19 00000000         ; CIRCUMSTANCES, BE LIABLE FOR SPECIAL, INCIDENTAL, OR C
                       ONSEQUENTIAL
   20 00000000         ; DAMAGES, FOR ANY REASON WHATSOEVER.
   21 00000000         ; 
   22 00000000         ; This is part of revision 6288 of the DK-LM3S9B96 Firmw
                       are Package.
   23 00000000         ;
   24 00000000         ;*******************************************************
                       ***********************
   25 00000000         
   26 00000000         ;*******************************************************
                       ***********************
   27 00000000         ;
   28 00000000         ; <o> Stack Size (in Bytes) <0x0-0xFFFFFFFF:8>
   29 00000000         ;
   30 00000000         ;*******************************************************
                       ***********************
   31 00000000 00000400 
                       Stack   EQU              0x00000400
   32 00000000         
   33 00000000         ;*******************************************************
                       ***********************
   34 00000000         ;
   35 00000000         ; <o> Heap Size (in Bytes) <0x0-0xFFFFFFFF:8>
   36 00000000         ;
   37 00000000         ;*******************************************************
                       ***********************
   38 00000000 00000000 
                       Heap    EQU              0x00000000
   39 00000000         



ARM Macro Assembler    Page 2 


   40 00000000         ;*******************************************************
                       ***********************
   41 00000000         ;
   42 00000000         ; Allocate space for the stack.
   43 00000000         ;
   44 00000000         ;*******************************************************
                       ***********************
   45 00000000                 AREA             STACK, NOINIT, READWRITE, ALIGN
=3
   46 00000000         StackMem
   47 00000000                 SPACE            Stack
   48 00000400         __initial_sp
   49 00000400         
   50 00000400         ;*******************************************************
                       ***********************
   51 00000400         ;
   52 00000400         ; Allocate space for the heap.
   53 00000400         ;
   54 00000400         ;*******************************************************
                       ***********************
   55 00000400                 AREA             HEAP, NOINIT, READWRITE, ALIGN=
3
   56 00000000         __heap_base
   57 00000000         HeapMem
   58 00000000                 SPACE            Heap
   59 00000000         __heap_limit
   60 00000000         
   61 00000000         ;*******************************************************
                       ***********************
   62 00000000         ;
   63 00000000         ; Indicate that the code in this file preserves 8-byte a
                       lignment of the stack.
   64 00000000         ;
   65 00000000         ;*******************************************************
                       ***********************
   66 00000000                 PRESERVE8
   67 00000000         
   68 00000000         ;*******************************************************
                       ***********************
   69 00000000         ;
   70 00000000         ; Place code into the reset code section.
   71 00000000         ;
   72 00000000         ;*******************************************************
                       ***********************
   73 00000000                 AREA             RESET, CODE, READONLY
   74 00000000                 THUMB
   75 00000000         
   76 00000000         ;*******************************************************
                       ***********************
   77 00000000         ;
   78 00000000         ; External declarations for the interrupt handlers used 
                       by the application.
   79 00000000         ;
   80 00000000         ;*******************************************************
                       ***********************
   81 00000000                 EXTERN           TouchScreenIntHandler
   82 00000000                 EXTERN           SoundIntHandler
   83 00000000                 EXTERN           SysTickHandler
   84 00000000                 EXTERN           UART0_ISR



ARM Macro Assembler    Page 3 


   85 00000000                 EXTERN           Timer_ISR
   86 00000000                 EXTERN           lwIPEthernetIntHandler
   87 00000000         
   88 00000000         ;*******************************************************
                       ***********************
   89 00000000         ;
   90 00000000         ; The vector table.
   91 00000000         ;
   92 00000000         ;*******************************************************
                       ***********************
   93 00000000                 EXPORT           __Vectors
   94 00000000         __Vectors
   95 00000000 00000400        DCD              StackMem + Stack ; Top of Stack
                                                            
   96 00000004 00000000        DCD              Reset_Handler ; Reset Handler
   97 00000008 00000000        DCD              NmiSR       ; NMI Handler
   98 0000000C 00000000        DCD              FaultISR    ; Hard Fault Handle
                                                            r
   99 00000010 00000000        DCD              IntDefaultHandler ; The MPU fau
                                                            lt handler
  100 00000014 00000000        DCD              IntDefaultHandler ; The bus fau
                                                            lt handler
  101 00000018 00000000        DCD              IntDefaultHandler ; The usage f
                                                            ault handler
  102 0000001C 00000000        DCD              0           ; Reserved
  103 00000020 00000000        DCD              0           ; Reserved
  104 00000024 00000000        DCD              0           ; Reserved
  105 00000028 00000000        DCD              0           ; Reserved
  106 0000002C 00000000        DCD              IntDefaultHandler 
                                                            ; SVCall handler
  107 00000030 00000000        DCD              IntDefaultHandler ; Debug monit
                                                            or handler
  108 00000034 00000000        DCD              0           ; Reserved
  109 00000038 00000000        DCD              IntDefaultHandler ; The PendSV 
                                                            handler
  110 0000003C 00000000        DCD              SysTickHandler ; The SysTick ha
                                                            ndler
  111 00000040 00000000        DCD              IntDefaultHandler ; GPIO Port A
                                                            
  112 00000044 00000000        DCD              IntDefaultHandler ; GPIO Port B
                                                            
  113 00000048 00000000        DCD              IntDefaultHandler ; GPIO Port C
                                                            
  114 0000004C 00000000        DCD              IntDefaultHandler ; GPIO Port D
                                                            
  115 00000050 00000000        DCD              IntDefaultHandler ; GPIO Port E
                                                            
  116 00000054 00000000        DCD              UART0_ISR   ; UART0 Rx and Tx
  117 00000058 00000000        DCD              IntDefaultHandler 
                                                            ; UART1 Rx and Tx
  118 0000005C 00000000        DCD              IntDefaultHandler 
                                                            ; SSI0 Rx and Tx
  119 00000060 00000000        DCD              IntDefaultHandler ; I2C0 Master
                                                             and Slave
  120 00000064 00000000        DCD              IntDefaultHandler ; PWM Fault
  121 00000068 00000000        DCD              IntDefaultHandler 
                                                            ; PWM Generator 0
  122 0000006C 00000000        DCD              IntDefaultHandler 
                                                            ; PWM Generator 1



ARM Macro Assembler    Page 4 


  123 00000070 00000000        DCD              IntDefaultHandler 
                                                            ; PWM Generator 2
  124 00000074 00000000        DCD              IntDefaultHandler ; Quadrature 
                                                            Encoder 0
  125 00000078 00000000        DCD              IntDefaultHandler 
                                                            ; ADC Sequence 0
  126 0000007C 00000000        DCD              IntDefaultHandler 
                                                            ; ADC Sequence 1
  127 00000080 00000000        DCD              IntDefaultHandler 
                                                            ; ADC Sequence 2
  128 00000084 00000000        DCD              TouchScreenIntHandler 
                                                            ; ADC Sequence 3
  129 00000088 00000000        DCD              IntDefaultHandler 
                                                            ; Watchdog timer
  130 0000008C 00000000        DCD              Timer_ISR   ; Timer 0 subtimer 
                                                            A
  131 00000090 00000000        DCD              IntDefaultHandler ; Timer 0 sub
                                                            timer B
  132 00000094 00000000        DCD              IntDefaultHandler ; Timer 1 sub
                                                            timer A
  133 00000098 00000000        DCD              IntDefaultHandler ; Timer 1 sub
                                                            timer B
  134 0000009C 00000000        DCD              IntDefaultHandler ; Timer 2 sub
                                                            timer A
  135 000000A0 00000000        DCD              IntDefaultHandler ; Timer 2 sub
                                                            timer B
  136 000000A4 00000000        DCD              IntDefaultHandler ; Analog Comp
                                                            arator 0
  137 000000A8 00000000        DCD              IntDefaultHandler ; Analog Comp
                                                            arator 1
  138 000000AC 00000000        DCD              IntDefaultHandler ; Analog Comp
                                                            arator 2
  139 000000B0 00000000        DCD              IntDefaultHandler ; System Cont
                                                            rol (PLL, OSC, BO)
  140 000000B4 00000000        DCD              IntDefaultHandler 
                                                            ; FLASH Control
  141 000000B8 00000000        DCD              IntDefaultHandler ; GPIO Port F
                                                            
  142 000000BC 00000000        DCD              IntDefaultHandler ; GPIO Port G
                                                            
  143 000000C0 00000000        DCD              IntDefaultHandler ; GPIO Port H
                                                            
  144 000000C4 00000000        DCD              IntDefaultHandler 
                                                            ; UART2 Rx and Tx
  145 000000C8 00000000        DCD              IntDefaultHandler 
                                                            ; SSI1 Rx and Tx
  146 000000CC 00000000        DCD              IntDefaultHandler ; Timer 3 sub
                                                            timer A
  147 000000D0 00000000        DCD              IntDefaultHandler ; Timer 3 sub
                                                            timer B
  148 000000D4 00000000        DCD              IntDefaultHandler ; I2C1 Master
                                                             and Slave
  149 000000D8 00000000        DCD              IntDefaultHandler ; Quadrature 
                                                            Encoder 1
  150 000000DC 00000000        DCD              IntDefaultHandler ; CAN0
  151 000000E0 00000000        DCD              IntDefaultHandler ; CAN1
  152 000000E4 00000000        DCD              IntDefaultHandler ; CAN2
  153 000000E8 00000000        DCD              lwIPEthernetIntHandler 
                                                            ; Ethernet



ARM Macro Assembler    Page 5 


  154 000000EC 00000000        DCD              IntDefaultHandler ; Hibernate
  155 000000F0 00000000        DCD              IntDefaultHandler ; USB0
  156 000000F4 00000000        DCD              IntDefaultHandler 
                                                            ; PWM Generator 3
  157 000000F8 00000000        DCD              IntDefaultHandler ; uDMA Softwa
                                                            re Transfer
  158 000000FC 00000000        DCD              IntDefaultHandler ; uDMA Error
  159 00000100 00000000        DCD              IntDefaultHandler 
                                                            ; ADC1 Sequence 0
  160 00000104 00000000        DCD              IntDefaultHandler 
                                                            ; ADC1 Sequence 1
  161 00000108 00000000        DCD              IntDefaultHandler 
                                                            ; ADC1 Sequence 2
  162 0000010C 00000000        DCD              IntDefaultHandler 
                                                            ; ADC1 Sequence 3
  163 00000110 00000000        DCD              SoundIntHandler ; I2S0
  164 00000114 00000000        DCD              IntDefaultHandler ; External Bu
                                                            s Interface 0
  165 00000118 00000000        DCD              IntDefaultHandler ; GPIO Port J
                                                            
  166 0000011C         
  167 0000011C         ;*******************************************************
                       ***********************
  168 0000011C         ;
  169 0000011C         ; This is the code that gets called when the processor f
                       irst starts execution
  170 0000011C         ; following a reset event.
  171 0000011C         ;
  172 0000011C         ;*******************************************************
                       ***********************
  173 0000011C                 EXPORT           Reset_Handler
  174 0000011C         Reset_Handler
  175 0000011C         ;
  176 0000011C         ; Call the C library enty point that handles startup.  T
                       his will copy
  177 0000011C         ; the .data section initializers from flash to SRAM and 
                       zero fill the
  178 0000011C         ; .bss section.
  179 0000011C         ;
  180 0000011C                 IMPORT           __main
  181 0000011C F7FF BFFE       B                __main
  182 00000120         
  183 00000120         ;*******************************************************
                       ***********************
  184 00000120         ;
  185 00000120         ; This is the code that gets called when the processor r
                       eceives a NMI.  This
  186 00000120         ; simply enters an infinite loop, preserving the system 
                       state for examination
  187 00000120         ; by a debugger.
  188 00000120         ;
  189 00000120         ;*******************************************************
                       ***********************
  190 00000120         NmiSR
  191 00000120 E7FE            B                NmiSR
  192 00000122         
  193 00000122         ;*******************************************************
                       ***********************
  194 00000122         ;



ARM Macro Assembler    Page 6 


  195 00000122         ; This is the code that gets called when the processor r
                       eceives a fault
  196 00000122         ; interrupt.  This simply enters an infinite loop, prese
                       rving the system state
  197 00000122         ; for examination by a debugger.
  198 00000122         ;
  199 00000122         ;*******************************************************
                       ***********************
  200 00000122         FaultISR
  201 00000122 E7FE            B                FaultISR
  202 00000124         
  203 00000124         ;*******************************************************
                       ***********************
  204 00000124         ;
  205 00000124         ; This is the code that gets called when the processor r
                       eceives an unexpected
  206 00000124         ; interrupt.  This simply enters an infinite loop, prese
                       rving the system state
  207 00000124         ; for examination by a debugger.
  208 00000124         ;
  209 00000124         ;*******************************************************
                       ***********************
  210 00000124         IntDefaultHandler
  211 00000124 E7FE            B                IntDefaultHandler
  212 00000126         
  213 00000126         ;*******************************************************
                       ***********************
  214 00000126         ;
  215 00000126         ; Make sure the end of this section is aligned.
  216 00000126         ;
  217 00000126         ;*******************************************************
                       ***********************
  218 00000126 00 00           ALIGN
  219 00000128         
  220 00000128         ;*******************************************************
                       ***********************
  221 00000128         ;
  222 00000128         ; Some code in the normal code section for initializing 
                       the heap and stack.
  223 00000128         ;
  224 00000128         ;*******************************************************
                       ***********************
  225 00000128                 AREA             |.text|, CODE, READONLY
  226 00000000         
  227 00000000         ;*******************************************************
                       ***********************
  228 00000000         ;
  229 00000000         ; The function expected of the C library startup code fo
                       r defining the stack
  230 00000000         ; and heap memory locations.  For the C library version 
                       of the startup code,
  231 00000000         ; provide this function so that the C library initializa
                       tion code can find out
  232 00000000         ; the location of the stack and heap.
  233 00000000         ;
  234 00000000         ;*******************************************************
                       ***********************
  235 00000000                 IF               :DEF: __MICROLIB
  240 00000000                 IMPORT           __use_two_region_memory



ARM Macro Assembler    Page 7 


  241 00000000                 EXPORT           __user_initial_stackheap
  242 00000000         __user_initial_stackheap
  243 00000000 4802            LDR              R0, =HeapMem
  244 00000002 4903            LDR              R1, =(StackMem + Stack)
  245 00000004 4A01            LDR              R2, =(HeapMem + Heap)
  246 00000006 4B03            LDR              R3, =StackMem
  247 00000008 4770            BX               LR
  248 0000000A                 ENDIF
  249 0000000A         
  250 0000000A         ;*******************************************************
                       ***********************
  251 0000000A         ;
  252 0000000A         ; Make sure the end of this section is aligned.
  253 0000000A         ;
  254 0000000A         ;*******************************************************
                       ***********************
  255 0000000A 00 00           ALIGN
  256 0000000C         
  257 0000000C         ;*******************************************************
                       ***********************
  258 0000000C         ;
  259 0000000C         ; Tell the assembler that we're done.
  260 0000000C         ;
  261 0000000C         ;*******************************************************
                       ***********************
  262 0000000C                 END
              00000000 
              00000400 
              00000000 
Command Line: --debug --xref --cpu=Cortex-M3 --apcs=interwork --depend=startup_
rvmdk.d -ostartup_rvmdk.o -IH:\Keil\ARM\CMSIS\Include -IH:\Keil\ARM\INC\Luminar
y --list=startup_rvmdk.lst startup_rvmdk.S



ARM Macro Assembler    Page 1 Alphabetic symbol ordering
Relocatable symbols

STACK 00000000

Symbol: STACK
   Definitions
      At line 45 in file startup_rvmdk.S
   Uses
      None
Comment: STACK unused
StackMem 00000000

Symbol: StackMem
   Definitions
      At line 46 in file startup_rvmdk.S
   Uses
      At line 95 in file startup_rvmdk.S
      At line 244 in file startup_rvmdk.S
      At line 246 in file startup_rvmdk.S

__initial_sp 00000400

Symbol: __initial_sp
   Definitions
      At line 48 in file startup_rvmdk.S
   Uses
      None
Comment: __initial_sp unused
3 symbols



ARM Macro Assembler    Page 1 Alphabetic symbol ordering
Relocatable symbols

HEAP 00000000

Symbol: HEAP
   Definitions
      At line 55 in file startup_rvmdk.S
   Uses
      None
Comment: HEAP unused
HeapMem 00000000

Symbol: HeapMem
   Definitions
      At line 57 in file startup_rvmdk.S
   Uses
      At line 243 in file startup_rvmdk.S
      At line 245 in file startup_rvmdk.S

__heap_base 00000000

Symbol: __heap_base
   Definitions
      At line 56 in file startup_rvmdk.S
   Uses
      None
Comment: __heap_base unused
__heap_limit 00000000

Symbol: __heap_limit
   Definitions
      At line 59 in file startup_rvmdk.S
   Uses
      None
Comment: __heap_limit unused
4 symbols



ARM Macro Assembler    Page 1 Alphabetic symbol ordering
Relocatable symbols

FaultISR 00000122

Symbol: FaultISR
   Definitions
      At line 200 in file startup_rvmdk.S
   Uses
      At line 98 in file startup_rvmdk.S
      At line 201 in file startup_rvmdk.S

IntDefaultHandler 00000124

Symbol: IntDefaultHandler
   Definitions
      At line 210 in file startup_rvmdk.S
   Uses
      At line 99 in file startup_rvmdk.S
      At line 100 in file startup_rvmdk.S
      At line 101 in file startup_rvmdk.S
      At line 106 in file startup_rvmdk.S
      At line 107 in file startup_rvmdk.S
      At line 109 in file startup_rvmdk.S
      At line 111 in file startup_rvmdk.S
      At line 112 in file startup_rvmdk.S
      At line 113 in file startup_rvmdk.S
      At line 114 in file startup_rvmdk.S
      At line 115 in file startup_rvmdk.S
      At line 117 in file startup_rvmdk.S
      At line 118 in file startup_rvmdk.S
      At line 119 in file startup_rvmdk.S
      At line 120 in file startup_rvmdk.S
      At line 121 in file startup_rvmdk.S
      At line 122 in file startup_rvmdk.S
      At line 123 in file startup_rvmdk.S
      At line 124 in file startup_rvmdk.S
      At line 125 in file startup_rvmdk.S
      At line 126 in file startup_rvmdk.S
      At line 127 in file startup_rvmdk.S
      At line 129 in file startup_rvmdk.S
      At line 131 in file startup_rvmdk.S
      At line 132 in file startup_rvmdk.S
      At line 133 in file startup_rvmdk.S
      At line 134 in file startup_rvmdk.S
      At line 135 in file startup_rvmdk.S
      At line 136 in file startup_rvmdk.S
      At line 137 in file startup_rvmdk.S
      At line 138 in file startup_rvmdk.S
      At line 139 in file startup_rvmdk.S
      At line 140 in file startup_rvmdk.S
      At line 141 in file startup_rvmdk.S
      At line 142 in file startup_rvmdk.S
      At line 143 in file startup_rvmdk.S
      At line 144 in file startup_rvmdk.S
      At line 145 in file startup_rvmdk.S
      At line 146 in file startup_rvmdk.S
      At line 147 in file startup_rvmdk.S
      At line 148 in file startup_rvmdk.S
      At line 149 in file startup_rvmdk.S
      At line 150 in file startup_rvmdk.S
      At line 151 in file startup_rvmdk.S



ARM Macro Assembler    Page 2 Alphabetic symbol ordering
Relocatable symbols

      At line 152 in file startup_rvmdk.S
      At line 154 in file startup_rvmdk.S
      At line 155 in file startup_rvmdk.S
      At line 156 in file startup_rvmdk.S
      At line 157 in file startup_rvmdk.S
      At line 158 in file startup_rvmdk.S
      At line 159 in file startup_rvmdk.S
      At line 160 in file startup_rvmdk.S
      At line 161 in file startup_rvmdk.S
      At line 162 in file startup_rvmdk.S
      At line 164 in file startup_rvmdk.S
      At line 165 in file startup_rvmdk.S
      At line 211 in file startup_rvmdk.S

NmiSR 00000120

Symbol: NmiSR
   Definitions
      At line 190 in file startup_rvmdk.S
   Uses
      At line 97 in file startup_rvmdk.S
      At line 191 in file startup_rvmdk.S

RESET 00000000

Symbol: RESET
   Definitions
      At line 73 in file startup_rvmdk.S
   Uses
      None
Comment: RESET unused
Reset_Handler 0000011C

Symbol: Reset_Handler
   Definitions
      At line 174 in file startup_rvmdk.S
   Uses
      At line 96 in file startup_rvmdk.S
      At line 173 in file startup_rvmdk.S

__Vectors 00000000

Symbol: __Vectors
   Definitions
      At line 94 in file startup_rvmdk.S
   Uses
      At line 93 in file startup_rvmdk.S
Comment: __Vectors used once
6 symbols



ARM Macro Assembler    Page 1 Alphabetic symbol ordering
Relocatable symbols

.text 00000000

Symbol: .text
   Definitions
      At line 225 in file startup_rvmdk.S
   Uses
      None
Comment: .text unused
__user_initial_stackheap 00000000

Symbol: __user_initial_stackheap
   Definitions
      At line 242 in file startup_rvmdk.S
   Uses
      At line 241 in file startup_rvmdk.S
Comment: __user_initial_stackheap used once
2 symbols



ARM Macro Assembler    Page 1 Alphabetic symbol ordering
Absolute symbols

Heap 00000000

Symbol: Heap
   Definitions
      At line 38 in file startup_rvmdk.S
   Uses
      At line 58 in file startup_rvmdk.S
      At line 245 in file startup_rvmdk.S

Stack 00000400

Symbol: Stack
   Definitions
      At line 31 in file startup_rvmdk.S
   Uses
      At line 47 in file startup_rvmdk.S
      At line 95 in file startup_rvmdk.S
      At line 244 in file startup_rvmdk.S

2 symbols



ARM Macro Assembler    Page 1 Alphabetic symbol ordering
External symbols

SoundIntHandler 00000000

Symbol: SoundIntHandler
   Definitions
      At line 82 in file startup_rvmdk.S
   Uses
      At line 163 in file startup_rvmdk.S
Comment: SoundIntHandler used once
SysTickHandler 00000000

Symbol: SysTickHandler
   Definitions
      At line 83 in file startup_rvmdk.S
   Uses
      At line 110 in file startup_rvmdk.S
Comment: SysTickHandler used once
Timer_ISR 00000000

Symbol: Timer_ISR
   Definitions
      At line 85 in file startup_rvmdk.S
   Uses
      At line 130 in file startup_rvmdk.S
Comment: Timer_ISR used once
TouchScreenIntHandler 00000000

Symbol: TouchScreenIntHandler
   Definitions
      At line 81 in file startup_rvmdk.S
   Uses
      At line 128 in file startup_rvmdk.S
Comment: TouchScreenIntHandler used once
UART0_ISR 00000000

Symbol: UART0_ISR
   Definitions
      At line 84 in file startup_rvmdk.S
   Uses
      At line 116 in file startup_rvmdk.S
Comment: UART0_ISR used once
__main 00000000

Symbol: __main
   Definitions
      At line 180 in file startup_rvmdk.S
   Uses
      At line 181 in file startup_rvmdk.S
Comment: __main used once
__use_two_region_memory 00000000

Symbol: __use_two_region_memory
   Definitions
      At line 240 in file startup_rvmdk.S
   Uses
      None
Comment: __use_two_region_memory unused
lwIPEthernetIntHandler 00000000

Symbol: lwIPEthernetIntHandler



ARM Macro Assembler    Page 2 Alphabetic symbol ordering
External symbols

   Definitions
      At line 86 in file startup_rvmdk.S
   Uses
      At line 153 in file startup_rvmdk.S
Comment: lwIPEthernetIntHandler used once
8 symbols
352 symbols in table
